app/build/intermediates/manifest_merge_blame_file/debug/manifest-merger-blame-debug-report.txt
1<?xml version="1.0" encoding="utf-8"?>
2<manifest xmlns:android="http://schemas.android.com/apk/res/android"
3    package="com.plcoding.bluetoothchat"
4    android:versionCode="1"
5    android:versionName="1.0" >
6
7    <uses-sdk
8        android:minSdkVersion="24"
8-->src\main\AndroidManifest.xml
9        android:targetSdkVersion="33" />
9-->src\main\AndroidManifest.xml
10
11    <uses-permission
11-->src\main\AndroidManifest.xml:5:5-95
12        android:name="android.permission.BLUETOOTH"
12-->src\main\AndroidManifest.xml:5:22-65
13        android:maxSdkVersion="30" />
13-->src\main\AndroidManifest.xml:5:66-92
14    <uses-permission android:name="android.permission.BLUETOOTH_CONNECT" />
14-->src\main\AndroidManifest.xml:6:5-76
14-->src\main\AndroidManifest.xml:6:22-73
15    <uses-permission
15-->src\main\AndroidManifest.xml:7:5-8:58
16        android:name="android.permission.BLUETOOTH_SCAN"
16-->src\main\AndroidManifest.xml:7:22-70
17        android:usesPermissionFlags="neverForLocation" />
17-->src\main\AndroidManifest.xml:8:9-55
18
19    <uses-feature android:name="android.hardware.bluetooth" />
19-->src\main\AndroidManifest.xml:10:5-63
19-->src\main\AndroidManifest.xml:10:19-60
20
21    <application
21-->src\main\AndroidManifest.xml:12:5-33:19
22        android:name="com.plcoding.bluetoothchat.BluetoothApp"
22-->src\main\AndroidManifest.xml:13:9-37
23        android:allowBackup="true"
23-->src\main\AndroidManifest.xml:14:9-35
24        android:appComponentFactory="androidx.core.app.CoreComponentFactory"
24-->[androidx.core:core:1.7.0] AndroidManifest.xml:24:18-86
25        android:dataExtractionRules="@xml/data_extraction_rules"
25-->src\main\AndroidManifest.xml:15:9-65
26        android:debuggable="true"
27        android:extractNativeLibs="false"
28        android:fullBackupContent="@xml/backup_rules"
28-->src\main\AndroidManifest.xml:16:9-54
29        android:icon="@mipmap/ic_launcher"
29-->src\main\AndroidManifest.xml:17:9-43
30        android:label="@string/app_name"
30-->src\main\AndroidManifest.xml:18:9-41
31        android:supportsRtl="true"
31-->src\main\AndroidManifest.xml:19:9-35
32        android:testOnly="true"
33        android:theme="@style/Theme.BluetoothChat" >
33-->src\main\AndroidManifest.xml:20:9-51
34        <activity
34-->src\main\AndroidManifest.xml:22:9-32:20
35            android:name="com.plcoding.bluetoothchat.presentation.MainActivity"
35-->src\main\AndroidManifest.xml:23:13-54
36            android:exported="true"
36-->src\main\AndroidManifest.xml:24:13-36
37            android:label="@string/app_name"
37-->src\main\AndroidManifest.xml:25:13-45
38            android:theme="@style/Theme.BluetoothChat" >
38-->src\main\AndroidManifest.xml:26:13-55
39            <intent-filter>
39-->src\main\AndroidManifest.xml:27:13-31:29
40                <action android:name="android.intent.action.MAIN" />
40-->src\main\AndroidManifest.xml:28:17-69
40-->src\main\AndroidManifest.xml:28:25-66
41
42                <category android:name="android.intent.category.LAUNCHER" />
42-->src\main\AndroidManifest.xml:30:17-77
42-->src\main\AndroidManifest.xml:30:27-74
43            </intent-filter>
44        </activity>
45        <activity
45-->[androidx.compose.ui:ui-tooling:1.2.0] AndroidManifest.xml:24:9-26:39
46            android:name="androidx.compose.ui.tooling.PreviewActivity"
46-->[androidx.compose.ui:ui-tooling:1.2.0] AndroidManifest.xml:25:13-71
47            android:exported="true" />
47-->[androidx.compose.ui:ui-tooling:1.2.0] AndroidManifest.xml:26:13-36
48        <activity
48-->[androidx.compose.ui:ui-test-manifest:1.2.0] AndroidManifest.xml:24:9-26:39
49            android:name="androidx.activity.ComponentActivity"
49-->[androidx.compose.ui:ui-test-manifest:1.2.0] AndroidManifest.xml:25:13-63
50            android:exported="true" />
50-->[androidx.compose.ui:ui-test-manifest:1.2.0] AndroidManifest.xml:26:13-36
51
52        <provider
52-->[androidx.profileinstaller:profileinstaller:1.2.0] AndroidManifest.xml:25:9-33:20
53            android:name="androidx.startup.InitializationProvider"
53-->[androidx.profileinstaller:profileinstaller:1.2.0] AndroidManifest.xml:26:13-67
54            android:authorities="com.plcoding.bluetoothchat.androidx-startup"
54-->[androidx.profileinstaller:profileinstaller:1.2.0] AndroidManifest.xml:27:13-68
55            android:exported="false" >
55-->[androidx.profileinstaller:profileinstaller:1.2.0] AndroidManifest.xml:28:13-37
56            <meta-data
56-->[androidx.profileinstaller:profileinstaller:1.2.0] AndroidManifest.xml:30:13-32:52
57                android:name="androidx.profileinstaller.ProfileInstallerInitializer"
57-->[androidx.profileinstaller:profileinstaller:1.2.0] AndroidManifest.xml:31:17-85
58                android:value="androidx.startup" />
58-->[androidx.profileinstaller:profileinstaller:1.2.0] AndroidManifest.xml:32:17-49
59        </provider>
60
61        <receiver
61-->[androidx.profileinstaller:profileinstaller:1.2.0] AndroidManifest.xml:35:9-47:20
62            android:name="androidx.profileinstaller.ProfileInstallReceiver"
62-->[androidx.profileinstaller:profileinstaller:1.2.0] AndroidManifest.xml:36:13-76
63            android:directBootAware="false"
63-->[androidx.profileinstaller:profileinstaller:1.2.0] AndroidManifest.xml:37:13-44
64            android:enabled="true"
64-->[androidx.profileinstaller:profileinstaller:1.2.0] AndroidManifest.xml:38:13-35
65            android:exported="true"
65-->[androidx.profileinstaller:profileinstaller:1.2.0] AndroidManifest.xml:39:13-36
66            android:permission="android.permission.DUMP" >
66-->[androidx.profileinstaller:profileinstaller:1.2.0] AndroidManifest.xml:40:13-57
67            <intent-filter>
67-->[androidx.profileinstaller:profileinstaller:1.2.0] AndroidManifest.xml:41:13-43:29
68                <action android:name="androidx.profileinstaller.action.INSTALL_PROFILE" />
68-->[androidx.profileinstaller:profileinstaller:1.2.0] AndroidManifest.xml:42:17-91
68-->[androidx.profileinstaller:profileinstaller:1.2.0] AndroidManifest.xml:42:25-88
69            </intent-filter>
70            <intent-filter>
70-->[androidx.profileinstaller:profileinstaller:1.2.0] AndroidManifest.xml:44:13-46:29
71                <action android:name="androidx.profileinstaller.action.SKIP_FILE" />
71-->[androidx.profileinstaller:profileinstaller:1.2.0] AndroidManifest.xml:45:17-85
71-->[androidx.profileinstaller:profileinstaller:1.2.0] AndroidManifest.xml:45:25-82
72            </intent-filter>
73        </receiver>
74    </application>
75
76</manifest>